<?xml version="1.0" encoding="UTF-8"?>
<!-- Generated by org.testng.reporters.JUnitXMLReporter -->
<testsuite hostname="DESKTOP-96ICQHE" ignored="0" name="Test" tests="10" failures="0" timestamp="03 Oct 2018 05:36:34 GMT" time="480.107" errors="0">
  <testcase name="Searchjobtest_method" time="39.333" classname="scripts.Searchjobtest"/>
  <testcase name="Services_cert_test_method" time="28.304" classname="scripts.Services_cert_test"/>
  <testcase name="Recruiter_loc_test_method" time="25.933" classname="scripts.Recruiter_loc_test"/>
  <testcase name="LoginTest_method" time="20.067" classname="scripts.LoginTest"/>
  <testcase name="Adv_search_test_method" time="35.739" classname="scripts.Adv_search_test"/>
  <testcase name="Brows_allcomp_test_method" time="46.874" classname="scripts.Brows_allcomp_test"/>
  <testcase name="Connection_buy_test_method" time="34.084" classname="scripts.Connection_buy_test"/>
  <testcase name="Interview_qus_test_method" time="33.506" classname="scripts.Interview_qus_test"/>
  <testcase name="Jobsby_loc_test_method" time="35.382" classname="scripts.Jobsby_loc_test"/>
  <testcase name="Jobsby_company_test" time="53.858" classname="scripts.Jobsby_company_test"/>
</testsuite> <!-- Test -->
